<?xml version="1.0" encoding="UTF-8"?>
<testsuite name="BudgetManagerTest" tests="1" skipped="0" failures="0" errors="0" timestamp="2023-07-30T20:02:27" hostname="Bobbis-MBP" time="0.046">
  <properties/>
  <testcase name="start" classname="BudgetManagerTest" time="0.046"/>
  <system-out><![CDATA[?[1;31m
Start test 1?[0m
> Almond 250gm $35.43
> LEGO DUPLO Town Farm Animals $10.10
> Sensodyne Pronamel Toothpaste $19.74
> Hershey's milk chocolate bars $8.54
> Gildan LT $8.61
Almond 250gm $35.43
LEGO DUPLO Town Farm Animals $10.10
Sensodyne Pronamel Toothpaste $19.74
Hershey's milk chocolate bars $8.54
Gildan LT $8.61

]]></system-out>
  <system-err><![CDATA[]]></system-err>
</testsuite>
